# JRE version: OpenJDK Runtime Environment (8.0_152-b01) (build 1.8.0_152-release-915-b01)
# Java VM: OpenJDK 64-Bit Server VM (25.152-b01 mixed mode windows-amd64 compressed oops)
Heap:
 PSYoungGen      total 150016K, used 32161K [0x00000000e0000000, 0x00000000ea500000, 0x0000000100000000)
  eden space 138240K, 14% used [0x00000000e0000000,0x00000000e13ea798,0x00000000e8700000)
  from space 11776K, 99% used [0x00000000e9980000,0x00000000ea4fdd70,0x00000000ea500000)
  to   space 13312K, 0% used [0x00000000e8b00000,0x00000000e8b00000,0x00000000e9800000)
 ParOldGen       total 54272K, used 15639K [0x00000000a0000000, 0x00000000a3500000, 0x00000000e0000000)
  object space 54272K, 28% used [0x00000000a0000000,0x00000000a0f45f38,0x00000000a3500000)
 Metaspace       used 45755K, capacity 46724K, committed 46936K, reserved 1089536K
  class space    used 6153K, capacity 6497K, committed 6528K, reserved 1048576K
GC Heap History (10 events):
Event: 25.954 GC heap before
{Heap before GC invocations=8 (full 1):
 PSYoungGen      total 72192K, used 64512K [0x00000000e0000000, 0x00000000e5100000, 0x0000000100000000)
  eden space 64512K, 100% used [0x00000000e0000000,0x00000000e3f00000,0x00000000e3f00000)
  from space 7680K, 0% used [0x00000000e4780000,0x00000000e4780000,0x00000000e4f00000)
  to   space 8704K, 0% used [0x00000000e3f00000,0x00000000e3f00000,0x00000000e4780000)
 ParOldGen       total 37888K, used 10293K [0x00000000a0000000, 0x00000000a2500000, 0x00000000e0000000)
  object space 37888K, 27% used [0x00000000a0000000,0x00000000a0a0d400,0x00000000a2500000)
 Metaspace       used 25762K, capacity 26338K, committed 26496K, reserved 1073152K
  class space    used 3530K, capacity 3698K, committed 3712K, reserved 1048576K
Event: 26.053 GC heap after
Heap after GC invocations=8 (full 1):
 PSYoungGen      total 73216K, used 7197K [0x00000000e0000000, 0x00000000e7b80000, 0x0000000100000000)
  eden space 64512K, 0% used [0x00000000e0000000,0x00000000e0000000,0x00000000e3f00000)
  from space 8704K, 82% used [0x00000000e3f00000,0x00000000e4607528,0x00000000e4780000)
  to   space 9728K, 0% used [0x00000000e7200000,0x00000000e7200000,0x00000000e7b80000)
 ParOldGen       total 37888K, used 10301K [0x00000000a0000000, 0x00000000a2500000, 0x00000000e0000000)
  object space 37888K, 27% used [0x00000000a0000000,0x00000000a0a0f400,0x00000000a2500000)
 Metaspace       used 25762K, capacity 26338K, committed 26496K, reserved 1073152K
  class space    used 3530K, capacity 3698K, committed 3712K, reserved 1048576K
}
Event: 30.806 GC heap before
{Heap before GC invocations=9 (full 1):
 PSYoungGen      total 73216K, used 71709K [0x00000000e0000000, 0x00000000e7b80000, 0x0000000100000000)
  eden space 64512K, 100% used [0x00000000e0000000,0x00000000e3f00000,0x00000000e3f00000)
  from space 8704K, 82% used [0x00000000e3f00000,0x00000000e4607528,0x00000000e4780000)
  to   space 9728K, 0% used [0x00000000e7200000,0x00000000e7200000,0x00000000e7b80000)
 ParOldGen       total 37888K, used 10301K [0x00000000a0000000, 0x00000000a2500000, 0x00000000e0000000)
  object space 37888K, 27% used [0x00000000a0000000,0x00000000a0a0f400,0x00000000a2500000)
 Metaspace       used 30104K, capacity 30700K, committed 30976K, reserved 1075200K
  class space    used 4121K, capacity 4319K, committed 4352K, reserved 1048576K
Event: 30.842 GC heap after
Heap after GC invocations=9 (full 1):
 PSYoungGen      total 112640K, used 7958K [0x00000000e0000000, 0x00000000e7a00000, 0x0000000100000000)
  eden space 104448K, 0% used [0x00000000e0000000,0x00000000e0000000,0x00000000e6600000)
  from space 8192K, 97% used [0x00000000e7200000,0x00000000e79c5ac8,0x00000000e7a00000)
  to   space 10240K, 0% used [0x00000000e6600000,0x00000000e6600000,0x00000000e7000000)
 ParOldGen       total 37888K, used 10309K [0x00000000a0000000, 0x00000000a2500000, 0x00000000e0000000)
  object space 37888K, 27% used [0x00000000a0000000,0x00000000a0a11400,0x00000000a2500000)
 Metaspace       used 30104K, capacity 30700K, committed 30976K, reserved 1075200K
  class space    used 4121K, capacity 4319K, committed 4352K, reserved 1048576K
}
Event: 35.824 GC heap before
{Heap before GC invocations=10 (full 1):
 PSYoungGen      total 112640K, used 65983K [0x00000000e0000000, 0x00000000e7a00000, 0x0000000100000000)
  eden space 104448K, 55% used [0x00000000e0000000,0x00000000e38aa208,0x00000000e6600000)
  from space 8192K, 97% used [0x00000000e7200000,0x00000000e79c5ac8,0x00000000e7a00000)
  to   space 10240K, 0% used [0x00000000e6600000,0x00000000e6600000,0x00000000e7000000)
 ParOldGen       total 37888K, used 10309K [0x00000000a0000000, 0x00000000a2500000, 0x00000000e0000000)
  object space 37888K, 27% used [0x00000000a0000000,0x00000000a0a11400,0x00000000a2500000)
 Metaspace       used 34486K, capacity 35222K, committed 35416K, reserved 1079296K
  class space    used 4690K, capacity 4961K, committed 4992K, reserved 1048576K
Event: 35.954 GC heap after
Heap after GC invocations=10 (full 1):
 PSYoungGen      total 114688K, used 9764K [0x00000000e0000000, 0x00000000ea500000, 0x0000000100000000)
  eden space 104448K, 0% used [0x00000000e0000000,0x00000000e0000000,0x00000000e6600000)
  from space 10240K, 95% used [0x00000000e6600000,0x00000000e6f890a0,0x00000000e7000000)
  to   space 11776K, 0% used [0x00000000e9980000,0x00000000e9980000,0x00000000ea500000)
 ParOldGen       total 37888K, used 10317K [0x00000000a0000000, 0x00000000a2500000, 0x00000000e0000000)
  object space 37888K, 27% used [0x00000000a0000000,0x00000000a0a13400,0x00000000a2500000)
 Metaspace       used 34486K, capacity 35222K, committed 35416K, reserved 1079296K
  class space    used 4690K, capacity 4961K, committed 4992K, reserved 1048576K
}
Event: 35.954 GC heap before
{Heap before GC invocations=11 (full 2):
 PSYoungGen      total 114688K, used 9764K [0x00000000e0000000, 0x00000000ea500000, 0x0000000100000000)
  eden space 104448K, 0% used [0x00000000e0000000,0x00000000e0000000,0x00000000e6600000)
  from space 10240K, 95% used [0x00000000e6600000,0x00000000e6f890a0,0x00000000e7000000)
  to   space 11776K, 0% used [0x00000000e9980000,0x00000000e9980000,0x00000000ea500000)
 ParOldGen       total 37888K, used 10317K [0x00000000a0000000, 0x00000000a2500000, 0x00000000e0000000)
  object space 37888K, 27% used [0x00000000a0000000,0x00000000a0a13400,0x00000000a2500000)
 Metaspace       used 34486K, capacity 35222K, committed 35416K, reserved 1079296K
  class space    used 4690K, capacity 4961K, committed 4992K, reserved 1048576K
Event: 36.328 GC heap after
Heap after GC invocations=11 (full 2):
 PSYoungGen      total 114688K, used 0K [0x00000000e0000000, 0x00000000ea500000, 0x0000000100000000)
  eden space 104448K, 0% used [0x00000000e0000000,0x00000000e0000000,0x00000000e6600000)
  from space 10240K, 0% used [0x00000000e6600000,0x00000000e6600000,0x00000000e7000000)
  to   space 11776K, 0% used [0x00000000e9980000,0x00000000e9980000,0x00000000ea500000)
 ParOldGen       total 54272K, used 15639K [0x00000000a0000000, 0x00000000a3500000, 0x00000000e0000000)
  object space 54272K, 28% used [0x00000000a0000000,0x00000000a0f45f38,0x00000000a3500000)
 Metaspace       used 34486K, capacity 35222K, committed 35416K, reserved 1079296K
  class space    used 4690K, capacity 4961K, committed 4992K, reserved 1048576K
}
Event: 39.579 GC heap before
{Heap before GC invocations=12 (full 2):
 PSYoungGen      total 114688K, used 104448K [0x00000000e0000000, 0x00000000ea500000, 0x0000000100000000)
  eden space 104448K, 100% used [0x00000000e0000000,0x00000000e6600000,0x00000000e6600000)
  from space 10240K, 0% used [0x00000000e6600000,0x00000000e6600000,0x00000000e7000000)
  to   space 11776K, 0% used [0x00000000e9980000,0x00000000e9980000,0x00000000ea500000)
 ParOldGen       total 54272K, used 15639K [0x00000000a0000000, 0x00000000a3500000, 0x00000000e0000000)
  object space 54272K, 28% used [0x00000000a0000000,0x00000000a0f45f38,0x00000000a3500000)
 Metaspace       used 41253K, capacity 42116K, committed 42456K, reserved 1085440K
  class space    used 5509K, capacity 5795K, committed 5888K, reserved 1048576K
Event: 39.687 GC heap after
Heap after GC invocations=12 (full 2):
 PSYoungGen      total 150016K, used 11767K [0x00000000e0000000, 0x00000000ea500000, 0x0000000100000000)
  eden space 138240K, 0% used [0x00000000e0000000,0x00000000e0000000,0x00000000e8700000)
  from space 11776K, 99% used [0x00000000e9980000,0x00000000ea4fdd70,0x00000000ea500000)
  to   space 13312K, 0% used [0x00000000e8b00000,0x00000000e8b00000,0x00000000e9800000)
 ParOldGen       total 54272K, used 15639K [0x00000000a0000000, 0x00000000a3500000, 0x00000000e0000000)
  object space 54272K, 28% used [0x00000000a0000000,0x00000000a0f45f38,0x00000000a3500000)
 Metaspace       used 41253K, capacity 42116K, committed 42456K, reserved 1085440K
  class space    used 5509K, capacity 5795K, committed 5888K, reserved 1048576K
}

