# JRE version: OpenJDK Runtime Environment (8.0_152-b01) (build 1.8.0_152-release-915-b01)
# Java VM: OpenJDK 64-Bit Server VM (25.152-b01 mixed mode windows-amd64 compressed oops)
Heap:
 PSYoungGen      total 315392K, used 219575K [0x00000000e0000000, 0x00000000fb080000, 0x0000000100000000)
  eden space 289280K, 70% used [0x00000000e0000000,0x00000000ec78cd40,0x00000000f1a80000)
  from space 26112K, 58% used [0x00000000f1a80000,0x00000000f2960f38,0x00000000f3400000)
  to   space 26624K, 0% used [0x00000000f9680000,0x00000000f9680000,0x00000000fb080000)
 ParOldGen       total 87040K, used 47045K [0x00000000a0000000, 0x00000000a5500000, 0x00000000e0000000)
  object space 87040K, 54% used [0x00000000a0000000,0x00000000a2df1590,0x00000000a5500000)
 Metaspace       used 66394K, capacity 69620K, committed 69760K, reserved 1110016K
  class space    used 8749K, capacity 9558K, committed 9600K, reserved 1048576K
GC Heap History (10 events):
Event: 27.228 GC heap before
{Heap before GC invocations=10 (full 2):
 PSYoungGen      total 216576K, used 9619K [0x00000000e0000000, 0x00000000f0500000, 0x0000000100000000)
  eden space 204288K, 0% used [0x00000000e0000000,0x00000000e0000000,0x00000000ec780000)
  from space 12288K, 78% used [0x00000000ed480000,0x00000000edde4e38,0x00000000ee080000)
  to   space 13312K, 0% used [0x00000000ec780000,0x00000000ec780000,0x00000000ed480000)
 ParOldGen       total 40448K, used 15881K [0x00000000a0000000, 0x00000000a2780000, 0x00000000e0000000)
  object space 40448K, 39% used [0x00000000a0000000,0x00000000a0f82610,0x00000000a2780000)
 Metaspace       used 34600K, capacity 35304K, committed 35416K, reserved 1079296K
  class space    used 4717K, capacity 5034K, committed 5120K, reserved 1048576K
Event: 27.840 GC heap after
Heap after GC invocations=10 (full 2):
 PSYoungGen      total 216576K, used 0K [0x00000000e0000000, 0x00000000f0500000, 0x0000000100000000)
  eden space 204288K, 0% used [0x00000000e0000000,0x00000000e0000000,0x00000000ec780000)
  from space 12288K, 0% used [0x00000000ed480000,0x00000000ed480000,0x00000000ee080000)
  to   space 13312K, 0% used [0x00000000ec780000,0x00000000ec780000,0x00000000ed480000)
 ParOldGen       total 45568K, used 15666K [0x00000000a0000000, 0x00000000a2c80000, 0x00000000e0000000)
  object space 45568K, 34% used [0x00000000a0000000,0x00000000a0f4c940,0x00000000a2c80000)
 Metaspace       used 34600K, capacity 35304K, committed 35416K, reserved 1079296K
  class space    used 4717K, capacity 5034K, committed 5120K, reserved 1048576K
}
Event: 37.032 GC heap before
{Heap before GC invocations=11 (full 2):
 PSYoungGen      total 216576K, used 204288K [0x00000000e0000000, 0x00000000f0500000, 0x0000000100000000)
  eden space 204288K, 100% used [0x00000000e0000000,0x00000000ec780000,0x00000000ec780000)
  from space 12288K, 0% used [0x00000000ed480000,0x00000000ed480000,0x00000000ee080000)
  to   space 13312K, 0% used [0x00000000ec780000,0x00000000ec780000,0x00000000ed480000)
 ParOldGen       total 45568K, used 15666K [0x00000000a0000000, 0x00000000a2c80000, 0x00000000e0000000)
  object space 45568K, 34% used [0x00000000a0000000,0x00000000a0f4c940,0x00000000a2c80000)
 Metaspace       used 50758K, capacity 52420K, committed 52736K, reserved 1095680K
  class space    used 6874K, capacity 7338K, committed 7424K, reserved 1048576K
Event: 37.233 GC heap after
Heap after GC invocations=11 (full 2):
 PSYoungGen      total 217600K, used 13284K [0x00000000e0000000, 0x00000000f4580000, 0x0000000100000000)
  eden space 204288K, 0% used [0x00000000e0000000,0x00000000e0000000,0x00000000ec780000)
  from space 13312K, 99% used [0x00000000ec780000,0x00000000ed479280,0x00000000ed480000)
  to   space 17920K, 0% used [0x00000000f3400000,0x00000000f3400000,0x00000000f4580000)
 ParOldGen       total 45568K, used 22612K [0x00000000a0000000, 0x00000000a2c80000, 0x00000000e0000000)
  object space 45568K, 49% used [0x00000000a0000000,0x00000000a16150e8,0x00000000a2c80000)
 Metaspace       used 50758K, capacity 52420K, committed 52736K, reserved 1095680K
  class space    used 6874K, capacity 7338K, committed 7424K, reserved 1048576K
}
Event: 54.277 GC heap before
{Heap before GC invocations=12 (full 2):
 PSYoungGen      total 217600K, used 217572K [0x00000000e0000000, 0x00000000f4580000, 0x0000000100000000)
  eden space 204288K, 100% used [0x00000000e0000000,0x00000000ec780000,0x00000000ec780000)
  from space 13312K, 99% used [0x00000000ec780000,0x00000000ed479280,0x00000000ed480000)
  to   space 17920K, 0% used [0x00000000f3400000,0x00000000f3400000,0x00000000f4580000)
 ParOldGen       total 45568K, used 22612K [0x00000000a0000000, 0x00000000a2c80000, 0x00000000e0000000)
  object space 45568K, 49% used [0x00000000a0000000,0x00000000a16150e8,0x00000000a2c80000)
 Metaspace       used 55457K, capacity 57640K, committed 57856K, reserved 1099776K
  class space    used 7601K, capacity 8147K, committed 8192K, reserved 1048576K
Event: 54.546 GC heap after
Heap after GC invocations=12 (full 2):
 PSYoungGen      total 307200K, used 17888K [0x00000000e0000000, 0x00000000f5080000, 0x0000000100000000)
  eden space 289280K, 0% used [0x00000000e0000000,0x00000000e0000000,0x00000000f1a80000)
  from space 17920K, 99% used [0x00000000f3400000,0x00000000f4578210,0x00000000f4580000)
  to   space 26112K, 0% used [0x00000000f1a80000,0x00000000f1a80000,0x00000000f3400000)
 ParOldGen       total 45568K, used 37955K [0x00000000a0000000, 0x00000000a2c80000, 0x00000000e0000000)
  object space 45568K, 83% used [0x00000000a0000000,0x00000000a2510eb8,0x00000000a2c80000)
 Metaspace       used 55457K, capacity 57640K, committed 57856K, reserved 1099776K
  class space    used 7601K, capacity 8147K, committed 8192K, reserved 1048576K
}
Event: 54.546 GC heap before
{Heap before GC invocations=13 (full 3):
 PSYoungGen      total 307200K, used 17888K [0x00000000e0000000, 0x00000000f5080000, 0x0000000100000000)
  eden space 289280K, 0% used [0x00000000e0000000,0x00000000e0000000,0x00000000f1a80000)
  from space 17920K, 99% used [0x00000000f3400000,0x00000000f4578210,0x00000000f4580000)
  to   space 26112K, 0% used [0x00000000f1a80000,0x00000000f1a80000,0x00000000f3400000)
 ParOldGen       total 45568K, used 37955K [0x00000000a0000000, 0x00000000a2c80000, 0x00000000e0000000)
  object space 45568K, 83% used [0x00000000a0000000,0x00000000a2510eb8,0x00000000a2c80000)
 Metaspace       used 55457K, capacity 57640K, committed 57856K, reserved 1099776K
  class space    used 7601K, capacity 8147K, committed 8192K, reserved 1048576K
Event: 56.309 GC heap after
Heap after GC invocations=13 (full 3):
 PSYoungGen      total 307200K, used 1500K [0x00000000e0000000, 0x00000000f5080000, 0x0000000100000000)
  eden space 289280K, 0% used [0x00000000e0000000,0x00000000e0000000,0x00000000f1a80000)
  from space 17920K, 8% used [0x00000000f3400000,0x00000000f35772d8,0x00000000f4580000)
  to   space 26112K, 0% used [0x00000000f1a80000,0x00000000f1a80000,0x00000000f3400000)
 ParOldGen       total 87040K, used 45533K [0x00000000a0000000, 0x00000000a5500000, 0x00000000e0000000)
  object space 87040K, 52% used [0x00000000a0000000,0x00000000a2c77590,0x00000000a5500000)
 Metaspace       used 55457K, capacity 57640K, committed 57856K, reserved 1099776K
  class space    used 7601K, capacity 8147K, committed 8192K, reserved 1048576K
}
Event: 91.941 GC heap before
{Heap before GC invocations=14 (full 3):
 PSYoungGen      total 307200K, used 290780K [0x00000000e0000000, 0x00000000f5080000, 0x0000000100000000)
  eden space 289280K, 100% used [0x00000000e0000000,0x00000000f1a80000,0x00000000f1a80000)
  from space 17920K, 8% used [0x00000000f3400000,0x00000000f35772d8,0x00000000f4580000)
  to   space 26112K, 0% used [0x00000000f1a80000,0x00000000f1a80000,0x00000000f3400000)
 ParOldGen       total 87040K, used 45533K [0x00000000a0000000, 0x00000000a5500000, 0x00000000e0000000)
  object space 87040K, 52% used [0x00000000a0000000,0x00000000a2c77590,0x00000000a5500000)
 Metaspace       used 63626K, capacity 66502K, committed 66560K, reserved 1105920K
  class space    used 8486K, capacity 9187K, committed 9216K, reserved 1048576K
Event: 92.060 GC heap after
Heap after GC invocations=14 (full 3):
 PSYoungGen      total 315392K, used 15235K [0x00000000e0000000, 0x00000000fb080000, 0x0000000100000000)
  eden space 289280K, 0% used [0x00000000e0000000,0x00000000e0000000,0x00000000f1a80000)
  from space 26112K, 58% used [0x00000000f1a80000,0x00000000f2960f38,0x00000000f3400000)
  to   space 26624K, 0% used [0x00000000f9680000,0x00000000f9680000,0x00000000fb080000)
 ParOldGen       total 87040K, used 47045K [0x00000000a0000000, 0x00000000a5500000, 0x00000000e0000000)
  object space 87040K, 54% used [0x00000000a0000000,0x00000000a2df1590,0x00000000a5500000)
 Metaspace       used 63626K, capacity 66502K, committed 66560K, reserved 1105920K
  class space    used 8486K, capacity 9187K, committed 9216K, reserved 1048576K
}

