# JRE version: OpenJDK Runtime Environment (8.0_152-b01) (build 1.8.0_152-release-915-b01)
# Java VM: OpenJDK 64-Bit Server VM (25.152-b01 mixed mode windows-amd64 compressed oops)
Heap:
 PSYoungGen      total 195584K, used 9499K [0x00000000e0000000, 0x00000000efd00000, 0x0000000100000000)
  eden space 176128K, 5% used [0x00000000e0000000,0x00000000e0946f78,0x00000000eac00000)
  from space 19456K, 0% used [0x00000000eac00000,0x00000000eac00000,0x00000000ebf00000)
  to   space 21504K, 0% used [0x00000000ee800000,0x00000000ee800000,0x00000000efd00000)
 ParOldGen       total 89088K, used 31317K [0x00000000a0000000, 0x00000000a5700000, 0x00000000e0000000)
  object space 89088K, 35% used [0x00000000a0000000,0x00000000a1e95670,0x00000000a5700000)
 Metaspace       used 57803K, capacity 59768K, committed 60120K, reserved 1101824K
  class space    used 7633K, capacity 8085K, committed 8192K, reserved 1048576K
GC Heap History (10 events):
Event: 7.922 GC heap before
{Heap before GC invocations=10 (full 2):
 PSYoungGen      total 152576K, used 8923K [0x00000000e0000000, 0x00000000edd80000, 0x0000000100000000)
  eden space 141312K, 0% used [0x00000000e0000000,0x00000000e0000000,0x00000000e8a00000)
  from space 11264K, 79% used [0x00000000e9580000,0x00000000e9e36cb0,0x00000000ea080000)
  to   space 11776K, 0% used [0x00000000e8a00000,0x00000000e8a00000,0x00000000e9580000)
 ParOldGen       total 45056K, used 13837K [0x00000000a0000000, 0x00000000a2c00000, 0x00000000e0000000)
  object space 45056K, 30% used [0x00000000a0000000,0x00000000a0d83680,0x00000000a2c00000)
 Metaspace       used 34674K, capacity 35220K, committed 35416K, reserved 1079296K
  class space    used 4689K, capacity 4910K, committed 4992K, reserved 1048576K
Event: 8.169 GC heap after
Heap after GC invocations=10 (full 2):
 PSYoungGen      total 152576K, used 0K [0x00000000e0000000, 0x00000000edd80000, 0x0000000100000000)
  eden space 141312K, 0% used [0x00000000e0000000,0x00000000e0000000,0x00000000e8a00000)
  from space 11264K, 0% used [0x00000000e9580000,0x00000000e9580000,0x00000000ea080000)
  to   space 11776K, 0% used [0x00000000e8a00000,0x00000000e8a00000,0x00000000e9580000)
 ParOldGen       total 57856K, used 15194K [0x00000000a0000000, 0x00000000a3880000, 0x00000000e0000000)
  object space 57856K, 26% used [0x00000000a0000000,0x00000000a0ed6b98,0x00000000a3880000)
 Metaspace       used 34674K, capacity 35220K, committed 35416K, reserved 1079296K
  class space    used 4689K, capacity 4910K, committed 4992K, reserved 1048576K
}
Event: 10.535 GC heap before
{Heap before GC invocations=11 (full 2):
 PSYoungGen      total 152576K, used 141312K [0x00000000e0000000, 0x00000000edd80000, 0x0000000100000000)
  eden space 141312K, 100% used [0x00000000e0000000,0x00000000e8a00000,0x00000000e8a00000)
  from space 11264K, 0% used [0x00000000e9580000,0x00000000e9580000,0x00000000ea080000)
  to   space 11776K, 0% used [0x00000000e8a00000,0x00000000e8a00000,0x00000000e9580000)
 ParOldGen       total 57856K, used 15194K [0x00000000a0000000, 0x00000000a3880000, 0x00000000e0000000)
  object space 57856K, 26% used [0x00000000a0000000,0x00000000a0ed6b98,0x00000000a3880000)
 Metaspace       used 45843K, capacity 46692K, committed 46936K, reserved 1089536K
  class space    used 6119K, capacity 6425K, committed 6528K, reserved 1048576K
Event: 10.580 GC heap after
Heap after GC invocations=11 (full 2):
 PSYoungGen      total 153088K, used 11775K [0x00000000e0000000, 0x00000000ecd00000, 0x0000000100000000)
  eden space 141312K, 0% used [0x00000000e0000000,0x00000000e0000000,0x00000000e8a00000)
  from space 11776K, 99% used [0x00000000e8a00000,0x00000000e957fe88,0x00000000e9580000)
  to   space 14336K, 0% used [0x00000000ebf00000,0x00000000ebf00000,0x00000000ecd00000)
 ParOldGen       total 57856K, used 17938K [0x00000000a0000000, 0x00000000a3880000, 0x00000000e0000000)
  object space 57856K, 31% used [0x00000000a0000000,0x00000000a1184850,0x00000000a3880000)
 Metaspace       used 45843K, capacity 46692K, committed 46936K, reserved 1089536K
  class space    used 6119K, capacity 6425K, committed 6528K, reserved 1048576K
}
Event: 15.392 GC heap before
{Heap before GC invocations=12 (full 2):
 PSYoungGen      total 153088K, used 153087K [0x00000000e0000000, 0x00000000ecd00000, 0x0000000100000000)
  eden space 141312K, 100% used [0x00000000e0000000,0x00000000e8a00000,0x00000000e8a00000)
  from space 11776K, 99% used [0x00000000e8a00000,0x00000000e957fe88,0x00000000e9580000)
  to   space 14336K, 0% used [0x00000000ebf00000,0x00000000ebf00000,0x00000000ecd00000)
 ParOldGen       total 57856K, used 17938K [0x00000000a0000000, 0x00000000a3880000, 0x00000000e0000000)
  object space 57856K, 31% used [0x00000000a0000000,0x00000000a1184850,0x00000000a3880000)
 Metaspace       used 53958K, capacity 55578K, committed 55768K, reserved 1097728K
  class space    used 7265K, capacity 7670K, committed 7680K, reserved 1048576K
Event: 15.456 GC heap after
Heap after GC invocations=12 (full 2):
 PSYoungGen      total 190464K, used 14333K [0x00000000e0000000, 0x00000000ed380000, 0x0000000100000000)
  eden space 176128K, 0% used [0x00000000e0000000,0x00000000e0000000,0x00000000eac00000)
  from space 14336K, 99% used [0x00000000ebf00000,0x00000000eccff4e0,0x00000000ecd00000)
  to   space 19456K, 0% used [0x00000000eac00000,0x00000000eac00000,0x00000000ebf00000)
 ParOldGen       total 57856K, used 25380K [0x00000000a0000000, 0x00000000a3880000, 0x00000000e0000000)
  object space 57856K, 43% used [0x00000000a0000000,0x00000000a18c9300,0x00000000a3880000)
 Metaspace       used 53958K, capacity 55578K, committed 55768K, reserved 1097728K
  class space    used 7265K, capacity 7670K, committed 7680K, reserved 1048576K
}
Event: 22.796 GC heap before
{Heap before GC invocations=13 (full 2):
 PSYoungGen      total 190464K, used 61810K [0x00000000e0000000, 0x00000000ed380000, 0x0000000100000000)
  eden space 176128K, 26% used [0x00000000e0000000,0x00000000e2e5d458,0x00000000eac00000)
  from space 14336K, 99% used [0x00000000ebf00000,0x00000000eccff4e0,0x00000000ecd00000)
  to   space 19456K, 0% used [0x00000000eac00000,0x00000000eac00000,0x00000000ebf00000)
 ParOldGen       total 57856K, used 25380K [0x00000000a0000000, 0x00000000a3880000, 0x00000000e0000000)
  object space 57856K, 43% used [0x00000000a0000000,0x00000000a18c9300,0x00000000a3880000)
 Metaspace       used 56948K, capacity 58904K, committed 58968K, reserved 1099776K
  class space    used 7577K, capacity 8053K, committed 8064K, reserved 1048576K
Event: 22.845 GC heap after
Heap after GC invocations=13 (full 2):
 PSYoungGen      total 195584K, used 17676K [0x00000000e0000000, 0x00000000efd00000, 0x0000000100000000)
  eden space 176128K, 0% used [0x00000000e0000000,0x00000000e0000000,0x00000000eac00000)
  from space 19456K, 90% used [0x00000000eac00000,0x00000000ebd432c0,0x00000000ebf00000)
  to   space 21504K, 0% used [0x00000000ee800000,0x00000000ee800000,0x00000000efd00000)
 ParOldGen       total 57856K, used 25388K [0x00000000a0000000, 0x00000000a3880000, 0x00000000e0000000)
  object space 57856K, 43% used [0x00000000a0000000,0x00000000a18cb300,0x00000000a3880000)
 Metaspace       used 56948K, capacity 58904K, committed 58968K, reserved 1099776K
  class space    used 7577K, capacity 8053K, committed 8064K, reserved 1048576K
}
Event: 22.845 GC heap before
{Heap before GC invocations=14 (full 3):
 PSYoungGen      total 195584K, used 17676K [0x00000000e0000000, 0x00000000efd00000, 0x0000000100000000)
  eden space 176128K, 0% used [0x00000000e0000000,0x00000000e0000000,0x00000000eac00000)
  from space 19456K, 90% used [0x00000000eac00000,0x00000000ebd432c0,0x00000000ebf00000)
  to   space 21504K, 0% used [0x00000000ee800000,0x00000000ee800000,0x00000000efd00000)
 ParOldGen       total 57856K, used 25388K [0x00000000a0000000, 0x00000000a3880000, 0x00000000e0000000)
  object space 57856K, 43% used [0x00000000a0000000,0x00000000a18cb300,0x00000000a3880000)
 Metaspace       used 56948K, capacity 58904K, committed 58968K, reserved 1099776K
  class space    used 7577K, capacity 8053K, committed 8064K, reserved 1048576K
Event: 23.190 GC heap after
Heap after GC invocations=14 (full 3):
 PSYoungGen      total 195584K, used 0K [0x00000000e0000000, 0x00000000efd00000, 0x0000000100000000)
  eden space 176128K, 0% used [0x00000000e0000000,0x00000000e0000000,0x00000000eac00000)
  from space 19456K, 0% used [0x00000000eac00000,0x00000000eac00000,0x00000000ebf00000)
  to   space 21504K, 0% used [0x00000000ee800000,0x00000000ee800000,0x00000000efd00000)
 ParOldGen       total 89088K, used 31317K [0x00000000a0000000, 0x00000000a5700000, 0x00000000e0000000)
  object space 89088K, 35% used [0x00000000a0000000,0x00000000a1e95670,0x00000000a5700000)
 Metaspace       used 56948K, capacity 58904K, committed 58968K, reserved 1099776K
  class space    used 7577K, capacity 8053K, committed 8064K, reserved 1048576K
}

