# JRE version: OpenJDK Runtime Environment (8.0_152-b01) (build 1.8.0_152-release-915-b01)
# Java VM: OpenJDK 64-Bit Server VM (25.152-b01 mixed mode windows-amd64 compressed oops)
Heap:
 PSYoungGen      total 268800K, used 9657K [0x00000000e0000000, 0x00000000f8280000, 0x0000000100000000)
  eden space 243712K, 3% used [0x00000000e0000000,0x00000000e096e668,0x00000000eee00000)
  from space 25088K, 0% used [0x00000000eee00000,0x00000000eee00000,0x00000000f0680000)
  to   space 24576K, 0% used [0x00000000f6a80000,0x00000000f6a80000,0x00000000f8280000)
 ParOldGen       total 101376K, used 49073K [0x00000000a0000000, 0x00000000a6300000, 0x00000000e0000000)
  object space 101376K, 48% used [0x00000000a0000000,0x00000000a2fec498,0x00000000a6300000)
 Metaspace       used 57503K, capacity 59920K, committed 60120K, reserved 1101824K
  class space    used 7808K, capacity 8432K, committed 8448K, reserved 1048576K
GC Heap History (10 events):
Event: 15.320 GC heap before
{Heap before GC invocations=10 (full 2):
 PSYoungGen      total 195072K, used 9972K [0x00000000e0000000, 0x00000000ee680000, 0x0000000100000000)
  eden space 183296K, 0% used [0x00000000e0000000,0x00000000e0000000,0x00000000eb300000)
  from space 11776K, 84% used [0x00000000ebf80000,0x00000000ec93d3a0,0x00000000ecb00000)
  to   space 12800K, 0% used [0x00000000eb300000,0x00000000eb300000,0x00000000ebf80000)
 ParOldGen       total 39424K, used 12820K [0x00000000a0000000, 0x00000000a2680000, 0x00000000e0000000)
  object space 39424K, 32% used [0x00000000a0000000,0x00000000a0c853b0,0x00000000a2680000)
 Metaspace       used 34448K, capacity 35176K, committed 35416K, reserved 1079296K
  class space    used 4690K, capacity 4970K, committed 4992K, reserved 1048576K
Event: 15.464 GC heap after
Heap after GC invocations=10 (full 2):
 PSYoungGen      total 195072K, used 0K [0x00000000e0000000, 0x00000000ee680000, 0x0000000100000000)
  eden space 183296K, 0% used [0x00000000e0000000,0x00000000e0000000,0x00000000eb300000)
  from space 11776K, 0% used [0x00000000ebf80000,0x00000000ebf80000,0x00000000ecb00000)
  to   space 12800K, 0% used [0x00000000eb300000,0x00000000eb300000,0x00000000ebf80000)
 ParOldGen       total 51200K, used 15979K [0x00000000a0000000, 0x00000000a3200000, 0x00000000e0000000)
  object space 51200K, 31% used [0x00000000a0000000,0x00000000a0f9ac98,0x00000000a3200000)
 Metaspace       used 34448K, capacity 35176K, committed 35416K, reserved 1079296K
  class space    used 4690K, capacity 4970K, committed 4992K, reserved 1048576K
}
Event: 19.734 GC heap before
{Heap before GC invocations=11 (full 2):
 PSYoungGen      total 195072K, used 183296K [0x00000000e0000000, 0x00000000ee680000, 0x0000000100000000)
  eden space 183296K, 100% used [0x00000000e0000000,0x00000000eb300000,0x00000000eb300000)
  from space 11776K, 0% used [0x00000000ebf80000,0x00000000ebf80000,0x00000000ecb00000)
  to   space 12800K, 0% used [0x00000000eb300000,0x00000000eb300000,0x00000000ebf80000)
 ParOldGen       total 51200K, used 15979K [0x00000000a0000000, 0x00000000a3200000, 0x00000000e0000000)
  object space 51200K, 31% used [0x00000000a0000000,0x00000000a0f9ac98,0x00000000a3200000)
 Metaspace       used 49213K, capacity 50564K, committed 50776K, reserved 1093632K
  class space    used 6618K, capacity 7016K, committed 7040K, reserved 1048576K
Event: 19.847 GC heap after
Heap after GC invocations=11 (full 2):
 PSYoungGen      total 196096K, used 12798K [0x00000000e0000000, 0x00000000f1700000, 0x0000000100000000)
  eden space 183296K, 0% used [0x00000000e0000000,0x00000000e0000000,0x00000000eb300000)
  from space 12800K, 99% used [0x00000000eb300000,0x00000000ebf7fb88,0x00000000ebf80000)
  to   space 16896K, 0% used [0x00000000f0680000,0x00000000f0680000,0x00000000f1700000)
 ParOldGen       total 51200K, used 21464K [0x00000000a0000000, 0x00000000a3200000, 0x00000000e0000000)
  object space 51200K, 41% used [0x00000000a0000000,0x00000000a14f6250,0x00000000a3200000)
 Metaspace       used 49213K, capacity 50564K, committed 50776K, reserved 1093632K
  class space    used 6618K, capacity 7016K, committed 7040K, reserved 1048576K
}
Event: 22.361 GC heap before
{Heap before GC invocations=12 (full 2):
 PSYoungGen      total 196096K, used 196094K [0x00000000e0000000, 0x00000000f1700000, 0x0000000100000000)
  eden space 183296K, 100% used [0x00000000e0000000,0x00000000eb300000,0x00000000eb300000)
  from space 12800K, 99% used [0x00000000eb300000,0x00000000ebf7fb88,0x00000000ebf80000)
  to   space 16896K, 0% used [0x00000000f0680000,0x00000000f0680000,0x00000000f1700000)
 ParOldGen       total 51200K, used 21464K [0x00000000a0000000, 0x00000000a3200000, 0x00000000e0000000)
  object space 51200K, 41% used [0x00000000a0000000,0x00000000a14f6250,0x00000000a3200000)
 Metaspace       used 54300K, capacity 56226K, committed 56408K, reserved 1097728K
  class space    used 7451K, capacity 7970K, committed 8064K, reserved 1048576K
Event: 22.513 GC heap after
Heap after GC invocations=12 (full 2):
 PSYoungGen      total 260608K, used 16864K [0x00000000e0000000, 0x00000000f2e80000, 0x0000000100000000)
  eden space 243712K, 0% used [0x00000000e0000000,0x00000000e0000000,0x00000000eee00000)
  from space 16896K, 99% used [0x00000000f0680000,0x00000000f16f8210,0x00000000f1700000)
  to   space 25088K, 0% used [0x00000000eee00000,0x00000000eee00000,0x00000000f0680000)
 ParOldGen       total 51200K, used 36382K [0x00000000a0000000, 0x00000000a3200000, 0x00000000e0000000)
  object space 51200K, 71% used [0x00000000a0000000,0x00000000a2387b58,0x00000000a3200000)
 Metaspace       used 54300K, capacity 56226K, committed 56408K, reserved 1097728K
  class space    used 7451K, capacity 7970K, committed 8064K, reserved 1048576K
}
Event: 26.460 GC heap before
{Heap before GC invocations=13 (full 2):
 PSYoungGen      total 260608K, used 69048K [0x00000000e0000000, 0x00000000f2e80000, 0x0000000100000000)
  eden space 243712K, 21% used [0x00000000e0000000,0x00000000e32f5ec0,0x00000000eee00000)
  from space 16896K, 99% used [0x00000000f0680000,0x00000000f16f8210,0x00000000f1700000)
  to   space 25088K, 0% used [0x00000000eee00000,0x00000000eee00000,0x00000000f0680000)
 ParOldGen       total 51200K, used 36382K [0x00000000a0000000, 0x00000000a3200000, 0x00000000e0000000)
  object space 51200K, 71% used [0x00000000a0000000,0x00000000a2387b58,0x00000000a3200000)
 Metaspace       used 56516K, capacity 58890K, committed 58968K, reserved 1099776K
  class space    used 7711K, capacity 8301K, committed 8320K, reserved 1048576K
Event: 26.613 GC heap after
Heap after GC invocations=13 (full 2):
 PSYoungGen      total 268800K, used 3737K [0x00000000e0000000, 0x00000000f8280000, 0x0000000100000000)
  eden space 243712K, 0% used [0x00000000e0000000,0x00000000e0000000,0x00000000eee00000)
  from space 25088K, 14% used [0x00000000eee00000,0x00000000ef1a6460,0x00000000f0680000)
  to   space 24576K, 0% used [0x00000000f6a80000,0x00000000f6a80000,0x00000000f8280000)
 ParOldGen       total 53760K, used 53338K [0x00000000a0000000, 0x00000000a3480000, 0x00000000e0000000)
  object space 53760K, 99% used [0x00000000a0000000,0x00000000a3416ba0,0x00000000a3480000)
 Metaspace       used 56516K, capacity 58890K, committed 58968K, reserved 1099776K
  class space    used 7711K, capacity 8301K, committed 8320K, reserved 1048576K
}
Event: 26.613 GC heap before
{Heap before GC invocations=14 (full 3):
 PSYoungGen      total 268800K, used 3737K [0x00000000e0000000, 0x00000000f8280000, 0x0000000100000000)
  eden space 243712K, 0% used [0x00000000e0000000,0x00000000e0000000,0x00000000eee00000)
  from space 25088K, 14% used [0x00000000eee00000,0x00000000ef1a6460,0x00000000f0680000)
  to   space 24576K, 0% used [0x00000000f6a80000,0x00000000f6a80000,0x00000000f8280000)
 ParOldGen       total 53760K, used 53338K [0x00000000a0000000, 0x00000000a3480000, 0x00000000e0000000)
  object space 53760K, 99% used [0x00000000a0000000,0x00000000a3416ba0,0x00000000a3480000)
 Metaspace       used 56516K, capacity 58890K, committed 58968K, reserved 1099776K
  class space    used 7711K, capacity 8301K, committed 8320K, reserved 1048576K
Event: 27.103 GC heap after
Heap after GC invocations=14 (full 3):
 PSYoungGen      total 268800K, used 0K [0x00000000e0000000, 0x00000000f8280000, 0x0000000100000000)
  eden space 243712K, 0% used [0x00000000e0000000,0x00000000e0000000,0x00000000eee00000)
  from space 25088K, 0% used [0x00000000eee00000,0x00000000eee00000,0x00000000f0680000)
  to   space 24576K, 0% used [0x00000000f6a80000,0x00000000f6a80000,0x00000000f8280000)
 ParOldGen       total 101376K, used 49073K [0x00000000a0000000, 0x00000000a6300000, 0x00000000e0000000)
  object space 101376K, 48% used [0x00000000a0000000,0x00000000a2fec498,0x00000000a6300000)
 Metaspace       used 56516K, capacity 58890K, committed 58968K, reserved 1099776K
  class space    used 7711K, capacity 8301K, committed 8320K, reserved 1048576K
}

